#
# There is insufficient memory for the Java Runtime Environment to continue.
# Native memory allocation (malloc) failed to allocate 1048576 bytes for AllocateHeap
# Possible reasons:
#   The system is out of physical RAM or swap space
#   In 32 bit mode, the process size limit was hit
# Possible solutions:
#   Reduce memory load on the system
#   Increase physical memory or swap space
#   Check if swap backing store is full
#   Use 64 bit Java on a 64 bit OS
#   Decrease Java heap size (-Xmx/-Xms)
#   Decrease number of Java threads
#   Decrease Java thread stack sizes (-Xss)
#   Set larger code cache with -XX:ReservedCodeCacheSize=
# This output file may be truncated or incomplete.
#
#  Out of Memory Error (memory/allocation.inline.hpp:61), pid=7852, tid=0x0000000000002888
#
# JRE version:  (8.0_111-b14) (build )
# Java VM: Java HotSpot(TM) 64-Bit Server VM (25.111-b14 mixed mode windows-amd64 compressed oops)
# Failed to write core dump. Minidumps are not enabled by default on client versions of Windows
#

---------------  T H R E A D  ---------------

Current thread (0x0000000002072800):  JavaThread "Unknown thread" [_thread_in_vm, id=10376, stack(0x0000000001f20000,0x0000000002020000)]

Stack: [0x0000000001f20000,0x0000000002020000]
[error occurred during error reporting (printing stack bounds), id 0xc0000005]

Native frames: (J=compiled Java code, j=interpreted, Vv=VM code, C=native code)


---------------  P R O C E S S  ---------------

Java Threads: ( => current thread )

Other Threads:

=>0x0000000002072800 (exited) JavaThread "Unknown thread" [_thread_in_vm, id=10376, stack(0x0000000001f20000,0x0000000002020000)]

VM state:not at safepoint (normal execution)

VM Mutex/Monitor currently owned by a thread: None

Heap:
 PSYoungGen      total 2048K, used 30K [0x00000000d5f80000, 0x00000000d6200000, 0x0000000100000000)
  eden space 1536K, 2% used [0x00000000d5f80000,0x00000000d5f87af0,0x00000000d6100000)
  from space 512K, 0% used [0x00000000d6180000,0x00000000d6180000,0x00000000d6200000)
  to   space 512K, 0% used [0x00000000d6100000,0x00000000d6100000,0x00000000d6180000)
 ParOldGen       total 5632K, used 0K [0x0000000081e00000, 0x0000000082380000, 0x00000000d5f80000)
  object space 5632K, 0% used [0x0000000081e00000,0x0000000081e00000,0x0000000082380000)
 Metaspace       used 770K, capacity 4480K, committed 4480K, reserved 1056768K
  class space    used 75K, capacity 384K, committed 384K, reserved 1048576K

Card table byte_map: [0x0000000011530000,0x0000000011930000] byte_map_base: 0x0000000011121000

Marking Bits: (ParMarkBitMap*) 0x00000000681ca6c0
 Begin Bits: [0x0000000011fe0000, 0x0000000013f68000)
 End Bits:   [0x0000000013f68000, 0x0000000015ef0000)

Polling page: 0x0000000000640000

CodeCache: size=245760Kb used=328Kb max_used=328Kb free=245431Kb
 bounds [0x0000000002170000, 0x00000000023e0000, 0x0000000011170000]
 total_blobs=58 nmethods=0 adapters=38
 compilation: enabled

Compilation events (0 events):
No events

GC Heap History (0 events):
No events

Deoptimization events (0 events):
No events

Internal exceptions (0 events):
No events

Events (10 events):
Event: 0.020 loading class java/lang/Short
Event: 0.020 loading class java/lang/Short done
Event: 0.020 loading class java/lang/Integer
Event: 0.020 loading class java/lang/Integer done
Event: 0.020 loading class java/lang/Long
Event: 0.020 loading class java/lang/Long done
Event: 0.020 loading class java/lang/NullPointerException
Event: 0.020 loading class java/lang/NullPointerException done
Event: 0.020 loading class java/lang/ArithmeticException
Event: 0.020 loading class java/lang/ArithmeticException done


Dynamic libraries:
0x00007ff636640000 - 0x00007ff636647000 	C:\Program Files\Java\jdk1.8.0_111\bin\javac.exe
0x00007ff97fd90000 - 0x00007ff97ff61000 	C:\WINDOWS\SYSTEM32\ntdll.dll
0x00007ff97f1f0000 - 0x00007ff97f29c000 	C:\WINDOWS\System32\KERNEL32.DLL
0x00007ff9614d0000 - 0x00007ff961503000 	C:\Program Files\AVAST Software\Avast\x64\aswhooka.dll
0x00007ff97c270000 - 0x00007ff97c48d000 	C:\WINDOWS\System32\KERNELBASE.dll
0x00000000653c0000 - 0x00000000653ef000 	C:\Program Files\Java\jdk1.8.0_111\bin\jli.dll
0x00007ff97f2d0000 - 0x00007ff97f372000 	C:\WINDOWS\System32\ADVAPI32.dll
0x00007ff97f800000 - 0x00007ff97f89e000 	C:\WINDOWS\System32\msvcrt.dll
0x00007ff97f190000 - 0x00007ff97f1e9000 	C:\WINDOWS\System32\sechost.dll
0x00007ff97d7f0000 - 0x00007ff97d911000 	C:\WINDOWS\System32\RPCRT4.dll
0x00007ff97d370000 - 0x00007ff97d4d5000 	C:\WINDOWS\System32\USER32.dll
0x00007ff97c490000 - 0x00007ff97c4ae000 	C:\WINDOWS\System32\win32u.dll
0x00007ff97f7b0000 - 0x00007ff97f7e4000 	C:\WINDOWS\System32\GDI32.dll
0x00007ff97c610000 - 0x00007ff97c790000 	C:\WINDOWS\System32\gdi32full.dll
0x00000000652e0000 - 0x00000000653b2000 	C:\Program Files\Java\jdk1.8.0_111\bin\MSVCR100.dll
0x00007ff972e80000 - 0x00007ff9730fa000 	C:\WINDOWS\WinSxS\amd64_microsoft.windows.common-controls_6595b64144ccf1df_6.0.14393.953_none_42151e83c686086b\COMCTL32.dll
0x00007ff97f8a0000 - 0x00007ff97fb68000 	C:\WINDOWS\System32\combase.dll
0x00007ff97c4b0000 - 0x00007ff97c5a5000 	C:\WINDOWS\System32\ucrtbase.dll
0x00007ff97c960000 - 0x00007ff97c9ca000 	C:\WINDOWS\System32\bcryptPrimitives.dll
0x00007ff97d7c0000 - 0x00007ff97d7ee000 	C:\WINDOWS\System32\IMM32.DLL
0x00000000678d0000 - 0x00000000679a2000 	C:\Program Files\Java\jdk1.8.0_111\jre\bin\msvcr100.dll
0x00000000679b0000 - 0x000000006824a000 	C:\Program Files\Java\jdk1.8.0_111\jre\bin\server\jvm.dll
0x00007ff97d6e0000 - 0x00007ff97d6e8000 	C:\WINDOWS\System32\PSAPI.DLL
0x00007ff96f4b0000 - 0x00007ff96f4b9000 	C:\WINDOWS\SYSTEM32\WSOCK32.dll
0x00007ff97d750000 - 0x00007ff97d7ba000 	C:\WINDOWS\System32\WS2_32.dll
0x00007ff97a660000 - 0x00007ff97a683000 	C:\WINDOWS\SYSTEM32\WINMM.dll
0x00007ff978c70000 - 0x00007ff978c7a000 	C:\WINDOWS\SYSTEM32\VERSION.dll
0x00007ff97a630000 - 0x00007ff97a65b000 	C:\WINDOWS\SYSTEM32\WINMMBASE.dll
0x00007ff97ca80000 - 0x00007ff97cac2000 	C:\WINDOWS\System32\cfgmgr32.dll
0x0000000069790000 - 0x000000006979f000 	C:\Program Files\Java\jdk1.8.0_111\jre\bin\verify.dll
0x0000000067860000 - 0x0000000067889000 	C:\Program Files\Java\jdk1.8.0_111\jre\bin\java.dll
0x0000000067840000 - 0x0000000067856000 	C:\Program Files\Java\jdk1.8.0_111\jre\bin\zip.dll

VM Arguments:
jvm_args: -Dapplication.home=C:\Program Files\Java\jdk1.8.0_111 -Xms8m 
java_command: com.sun.tools.javac.Main -d D:\Utilisateurs\Vypz\Bureau\OnSucePasDesChibres\build\classes -classpath D:\Utilisateurs\Vypz\Bureau\OnSucePasDesChibres\build\classes -sourcepath D:\Utilisateurs\Vypz\Bureau\OnSucePasDesChibres\build\empty -target 1.8 -encoding UTF-8 -g -processorpath D:\Utilisateurs\Vypz\Bureau\OnSucePasDesChibres\build\empty -s D:\Utilisateurs\Vypz\Bureau\OnSucePasDesChibres\build\generated-sources\ap-source-output -source 1.8 D:\Utilisateurs\Vypz\Bureau\OnSucePasDesChibres\src\controleur\Controleur.java D:\Utilisateurs\Vypz\Bureau\OnSucePasDesChibres\src\controleur\Main.java D:\Utilisateurs\Vypz\Bureau\OnSucePasDesChibres\src\models\Aventurier.java D:\Utilisateurs\Vypz\Bureau\OnSucePasDesChibres\src\models\CHelico.java D:\Utilisateurs\Vypz\Bureau\OnSucePasDesChibres\src\models\CNiveauEau.java D:\Utilisateurs\Vypz\Bureau\OnSucePasDesChibres\src\models\CSacSable.java D:\Utilisateurs\Vypz\Bureau\OnSucePasDesChibres\src\models\CTresor.java D:\Utilisateurs\Vypz\Bureau\OnSucePasDesChibres\src\models\Carte.java D:\Utilisateurs\Vypz\Bureau\OnSucePasDesChibres\src\models\CarteInondation.java D:\Utilisateurs\Vypz\Bureau\OnSucePasDesChibres\src\models\Explorateur.java D:\Utilisateurs\Vypz\Bureau\OnSucePasDesChibres\src\models\Grille.java D:\Utilisateurs\Vypz\Bureau\OnSucePasDesChibres\src\models\Ingenieur.java D:\Utilisateurs\Vypz\Bureau\OnSucePasDesChibres\src\models\Joueur.java D:\Utilisateurs\Vypz\Bureau\OnSucePasDesChibres\src\models\Messager.java D:\Utilisateurs\Vypz\Bureau\OnSucePasDesChibres\src\models\Navigateur.java D:\Utilisateurs\Vypz\Bureau\OnSucePasDesChibres\src\models\NivEau.java D:\Utilisateurs\Vypz\Bureau\OnSucePasDesChibres\src\models\Pilote.java D:\Utilisateurs\Vypz\Bureau\OnSucePasDesChibres\src\models\Plongeur.java D:\Utilisateurs\Vypz\Bureau\OnSucePasDesChibres\src\models\Tuile.java D:\Utilisateurs\Vypz\Bureau\OnSucePasDesChibres\src\util\Message.java D:\Utilisateurs\Vypz\Bureau\OnSucePasDesChibres\src\util\Parameters.java D
java_class_path (initial): C:\Program Files\Java\jdk1.8.0_111/lib/tools.jar;C:\Program Files\Java\jdk1.8.0_111/classes
Launcher Type: SUN_STANDARD

Environment Variables:
PATH=;C:\ProgramData\Oracle\Java\javapath;C:\WINDOWS\system32;C:\WINDOWS;C:\WINDOWS\System32\Wbem;C:\WINDOWS\System32\WindowsPowerShell\v1.0\;C:\Program Files (x86)\NVIDIA Corporation\PhysX\Common;C:\Android;C:\Windows\System32;C:\Program Files\Git\cmd;C:\WINDOWS\system32;C:\WINDOWS;C:\WINDOWS\System32\Wbem;C:\WINDOWS\System32\WindowsPowerShell\v1.0\;C:\Program Files (x86)\Skype\Phone\;C:\Users\Vypz\AppData\Local\Programs\Python\Python35-32\Scripts\;C:\Users\Vypz\AppData\Local\Programs\Python\Python35-32\;C:\Users\Vypz\AppData\Local\Microsoft\WindowsApps;C:\Users\Vypz\AppData\Local\atom\bin;C:\Users\Vypz\AppData\Local\Microsoft\WindowsApps;C:\adb;C:\Users\Vypz\AppData\Local\Programs\Python\Python35-32\Scripts\;C:\Users\Vypz\AppData\Local\Programs\Python\Python35-32\;C:\Users\Vypz\AppData\Local\Microsoft\WindowsApps;C:\Users\Vypz\AppData\Local\atom\bin;%USERPROFILE%\AppData\Local\Microsoft\WindowsApps;
USERNAME=Vypz
OS=Windows_NT
PROCESSOR_IDENTIFIER=Intel64 Family 6 Model 60 Stepping 3, GenuineIntel



---------------  S Y S T E M  ---------------

OS: Windows 10.0 , 64 bit Build 14393 (10.0.14393.1198)

CPU:total 4 (4 cores per cpu, 1 threads per core) family 6 model 60 stepping 3, cmov, cx8, fxsr, mmx, sse, sse2, sse3, ssse3, sse4.1, sse4.2, popcnt, avx, avx2, aes, clmul, erms, lzcnt, tsc, tscinvbit, bmi1, bmi2

Memory: 4k page, physical 8262332k(557916k free), swap 33428156k(5408k free)

vm_info: Java HotSpot(TM) 64-Bit Server VM (25.111-b14) for windows-amd64 JRE (1.8.0_111-b14), built on Sep 22 2016 19:24:05 by "java_re" with MS VC++ 10.0 (VS2010)

time: Fri Jun 16 13:38:51 2017
elapsed time: 0 seconds (0d 0h 0m 0s)

