#
# There is insufficient memory for the Java Runtime Environment to continue.
# Native memory allocation (malloc) failed to allocate 32744 bytes for ChunkPool::allocate
# Possible reasons:
#   The system is out of physical RAM or swap space
#   In 32 bit mode, the process size limit was hit
# Possible solutions:
#   Reduce memory load on the system
#   Increase physical memory or swap space
#   Check if swap backing store is full
#   Use 64 bit Java on a 64 bit OS
#   Decrease Java heap size (-Xmx/-Xms)
#   Decrease number of Java threads
#   Decrease Java thread stack sizes (-Xss)
#   Set larger code cache with -XX:ReservedCodeCacheSize=
# This output file may be truncated or incomplete.
#
#  Out of Memory Error (allocation.cpp:273), pid=14996, tid=0x0000000000003828
#
# JRE version: Java(TM) SE Runtime Environment (8.0_111-b14) (build 1.8.0_111-b14)
# Java VM: Java HotSpot(TM) 64-Bit Server VM (25.111-b14 mixed mode windows-amd64 compressed oops)
# Failed to write core dump. Minidumps are not enabled by default on client versions of Windows
#

---------------  T H R E A D  ---------------

Current thread (0x0000000016e05800):  JavaThread "C1 CompilerThread2" daemon [_thread_in_native, id=14376, stack(0x00000000186a0000,0x00000000187a0000)]

Stack: [0x00000000186a0000,0x00000000187a0000]
[error occurred during error reporting (printing stack bounds), id 0xc0000005]

Native frames: (J=compiled Java code, j=interpreted, Vv=VM code, C=native code)


Current CompileTask:
C1:  17130 1366   !   3       javax.swing.JComponent::paintChildren (669 bytes)


---------------  P R O C E S S  ---------------

Java Threads: ( => current thread )
  0x00000000222b3000 JavaThread "Image Fetcher 0" daemon [_thread_in_native, id=13192, stack(0x0000000026340000,0x0000000026440000)]
  0x0000000019872000 JavaThread "TimerQueue" daemon [_thread_blocked, id=14812, stack(0x0000000023700000,0x0000000023800000)]
  0x0000000018b77800 JavaThread "D3D Screen Updater" daemon [_thread_blocked, id=9924, stack(0x0000000021e00000,0x0000000021f00000)]
  0x00000000021b0800 JavaThread "DestroyJavaVM" [_thread_blocked, id=12952, stack(0x0000000002070000,0x0000000002170000)]
  0x0000000018b96800 JavaThread "AWT-EventQueue-0" [_thread_blocked, id=14180, stack(0x000000001eb00000,0x000000001ec00000)]
  0x0000000018b4c000 JavaThread "AWT-Windows" daemon [_thread_in_native, id=12896, stack(0x0000000019bf0000,0x0000000019cf0000)]
  0x0000000018b48000 JavaThread "AWT-Shutdown" [_thread_blocked, id=11880, stack(0x0000000019af0000,0x0000000019bf0000)]
  0x0000000018b47800 JavaThread "Java2D Disposer" daemon [_thread_blocked, id=15196, stack(0x00000000199f0000,0x0000000019af0000)]
  0x00000000187c8800 JavaThread "Service Thread" daemon [_thread_blocked, id=6012, stack(0x0000000018ba0000,0x0000000018ca0000)]
=>0x0000000016e05800 JavaThread "C1 CompilerThread2" daemon [_thread_in_native, id=14376, stack(0x00000000186a0000,0x00000000187a0000)]
  0x0000000016e01000 JavaThread "C2 CompilerThread1" daemon [_thread_blocked, id=14960, stack(0x00000000185a0000,0x00000000186a0000)]
  0x0000000016dfd800 JavaThread "C2 CompilerThread0" daemon [_thread_blocked, id=9448, stack(0x00000000184a0000,0x00000000185a0000)]
  0x0000000016dfc000 JavaThread "Attach Listener" daemon [_thread_blocked, id=3756, stack(0x00000000183a0000,0x00000000184a0000)]
  0x0000000016dfb000 JavaThread "Signal Dispatcher" daemon [_thread_blocked, id=3712, stack(0x00000000182a0000,0x00000000183a0000)]
  0x00000000022ac000 JavaThread "Finalizer" daemon [_thread_blocked, id=9628, stack(0x0000000018080000,0x0000000018180000)]
  0x00000000022a1800 JavaThread "Reference Handler" daemon [_thread_blocked, id=3568, stack(0x0000000017f80000,0x0000000018080000)]

Other Threads:
  0x0000000016dc7800 VMThread [stack: 0x0000000017e80000,0x0000000017f80000] [id=14848]
  0x00000000187cd800 WatcherThread [stack: 0x0000000019040000,0x0000000019140000] [id=2872]

VM state:not at safepoint (normal execution)

VM Mutex/Monitor currently owned by a thread: None

Heap:
 PSYoungGen      total 61952K, used 31560K [0x00000000d5f80000, 0x00000000dba00000, 0x0000000100000000)
  eden space 32256K, 79% used [0x00000000d5f80000,0x00000000d7892ca0,0x00000000d7f00000)
  from space 29696K, 19% used [0x00000000d9c80000,0x00000000da23f3a0,0x00000000db980000)
  to   space 30208K, 0% used [0x00000000d7f00000,0x00000000d7f00000,0x00000000d9c80000)
 ParOldGen       total 87552K, used 54884K [0x0000000081e00000, 0x0000000087380000, 0x00000000d5f80000)
  object space 87552K, 62% used [0x0000000081e00000,0x0000000085399288,0x0000000087380000)
 Metaspace       used 12872K, capacity 13092K, committed 13312K, reserved 1060864K
  class space    used 1658K, capacity 1738K, committed 1792K, reserved 1048576K

Card table byte_map: [0x0000000011670000,0x0000000011a70000] byte_map_base: 0x0000000011261000

Marking Bits: (ParMarkBitMap*) 0x00000000681ca6c0
 Begin Bits: [0x0000000012120000, 0x00000000140a8000)
 End Bits:   [0x00000000140a8000, 0x0000000016030000)

Polling page: 0x0000000002170000

CodeCache: size=245760Kb used=4874Kb max_used=4897Kb free=240885Kb
 bounds [0x00000000022b0000, 0x0000000002780000, 0x00000000112b0000]
 total_blobs=1785 nmethods=1280 adapters=417
 compilation: enabled

Compilation events (10 events):
Event: 10.233 Thread 0x0000000016dfd800 nmethod 1360 0x00000000027734d0 code [0x0000000002773920, 0x0000000002778710]
Event: 10.246 Thread 0x0000000016e01000 1362       4       sun.awt.AWTAutoShutdown::notifyToolkitThreadBusy (8 bytes)
Event: 10.246 Thread 0x0000000016dfd800 1363       4       sun.awt.AWTAutoShutdown::notifyToolkitThreadFree (8 bytes)
Event: 10.248 Thread 0x0000000016dfd800 nmethod 1363 0x000000000276ca50 code [0x000000000276cba0, 0x000000000276d058]
Event: 10.248 Thread 0x0000000016e01000 nmethod 1362 0x000000000276c150 code [0x000000000276c2a0, 0x000000000276c778]
Event: 10.503 Thread 0x0000000016e05800 1364       3       java.util.ArrayList::toArray (60 bytes)
Event: 10.503 Thread 0x0000000016e05800 nmethod 1364 0x000000000276b8d0 code [0x000000000276ba60, 0x000000000276c018]
Event: 11.705 Thread 0x0000000016e05800 1365       3       sun.java2d.StateTrackableDelegate$1::isCurrent (17 bytes)
Event: 11.705 Thread 0x0000000016e05800 nmethod 1365 0x0000000002765dd0 code [0x0000000002765f20, 0x00000000027660d0]
Event: 17.102 Thread 0x0000000016e05800 1366   !   3       javax.swing.JComponent::paintChildren (669 bytes)

GC Heap History (10 events):
Event: 6.107 GC heap before
{Heap before GC invocations=2 (full 0):
 PSYoungGen      total 38400K, used 38374K [0x00000000d5f80000, 0x00000000d8a00000, 0x0000000100000000)
  eden space 33280K, 100% used [0x00000000d5f80000,0x00000000d8000000,0x00000000d8000000)
  from space 5120K, 99% used [0x00000000d8000000,0x00000000d84f99e0,0x00000000d8500000)
  to   space 5120K, 0% used [0x00000000d8500000,0x00000000d8500000,0x00000000d8a00000)
 ParOldGen       total 87552K, used 23108K [0x0000000081e00000, 0x0000000087380000, 0x00000000d5f80000)
  object space 87552K, 26% used [0x0000000081e00000,0x0000000083491340,0x0000000087380000)
 Metaspace       used 12527K, capacity 12772K, committed 13056K, reserved 1060864K
  class space    used 1646K, capacity 1738K, committed 1792K, reserved 1048576K
Event: 6.111 GC heap after
Heap after GC invocations=2 (full 0):
 PSYoungGen      total 38400K, used 5101K [0x00000000d5f80000, 0x00000000d8a00000, 0x0000000100000000)
  eden space 33280K, 0% used [0x00000000d5f80000,0x00000000d5f80000,0x00000000d8000000)
  from space 5120K, 99% used [0x00000000d8500000,0x00000000d89fb780,0x00000000d8a00000)
  to   space 5120K, 0% used [0x00000000d8000000,0x00000000d8000000,0x00000000d8500000)
 ParOldGen       total 87552K, used 31700K [0x0000000081e00000, 0x0000000087380000, 0x00000000d5f80000)
  object space 87552K, 36% used [0x0000000081e00000,0x0000000083cf53a0,0x0000000087380000)
 Metaspace       used 12527K, capacity 12772K, committed 13056K, reserved 1060864K
  class space    used 1646K, capacity 1738K, committed 1792K, reserved 1048576K
}
Event: 6.726 GC heap before
{Heap before GC invocations=3 (full 0):
 PSYoungGen      total 38400K, used 38291K [0x00000000d5f80000, 0x00000000d8a00000, 0x0000000100000000)
  eden space 33280K, 99% used [0x00000000d5f80000,0x00000000d7fe96b8,0x00000000d8000000)
  from space 5120K, 99% used [0x00000000d8500000,0x00000000d89fb780,0x00000000d8a00000)
  to   space 5120K, 0% used [0x00000000d8000000,0x00000000d8000000,0x00000000d8500000)
 ParOldGen       total 87552K, used 31700K [0x0000000081e00000, 0x0000000087380000, 0x00000000d5f80000)
  object space 87552K, 36% used [0x0000000081e00000,0x0000000083cf53a0,0x0000000087380000)
 Metaspace       used 12594K, capacity 12836K, committed 13056K, reserved 1060864K
  class space    used 1650K, capacity 1738K, committed 1792K, reserved 1048576K
Event: 6.730 GC heap after
Heap after GC invocations=3 (full 0):
 PSYoungGen      total 38400K, used 5097K [0x00000000d5f80000, 0x00000000d8a00000, 0x0000000100000000)
  eden space 33280K, 0% used [0x00000000d5f80000,0x00000000d5f80000,0x00000000d8000000)
  from space 5120K, 99% used [0x00000000d8000000,0x00000000d84fa4c0,0x00000000d8500000)
  to   space 5120K, 0% used [0x00000000d8500000,0x00000000d8500000,0x00000000d8a00000)
 ParOldGen       total 87552K, used 42240K [0x0000000081e00000, 0x0000000087380000, 0x00000000d5f80000)
  object space 87552K, 48% used [0x0000000081e00000,0x0000000084740060,0x0000000087380000)
 Metaspace       used 12594K, capacity 12836K, committed 13056K, reserved 1060864K
  class space    used 1650K, capacity 1738K, committed 1792K, reserved 1048576K
}
Event: 7.275 GC heap before
{Heap before GC invocations=4 (full 0):
 PSYoungGen      total 38400K, used 38026K [0x00000000d5f80000, 0x00000000d8a00000, 0x0000000100000000)
  eden space 33280K, 98% used [0x00000000d5f80000,0x00000000d7fa86b0,0x00000000d8000000)
  from space 5120K, 99% used [0x00000000d8000000,0x00000000d84fa4c0,0x00000000d8500000)
  to   space 5120K, 0% used [0x00000000d8500000,0x00000000d8500000,0x00000000d8a00000)
 ParOldGen       total 87552K, used 42240K [0x0000000081e00000, 0x0000000087380000, 0x00000000d5f80000)
  object space 87552K, 48% used [0x0000000081e00000,0x0000000084740060,0x0000000087380000)
 Metaspace       used 12625K, capacity 12836K, committed 13056K, reserved 1060864K
  class space    used 1650K, capacity 1738K, committed 1792K, reserved 1048576K
Event: 7.279 GC heap after
Heap after GC invocations=4 (full 0):
 PSYoungGen      total 38400K, used 5097K [0x00000000d5f80000, 0x00000000d8a00000, 0x0000000100000000)
  eden space 33280K, 0% used [0x00000000d5f80000,0x00000000d5f80000,0x00000000d8000000)
  from space 5120K, 99% used [0x00000000d8500000,0x00000000d89fa4c0,0x00000000d8a00000)
  to   space 5120K, 0% used [0x00000000d8000000,0x00000000d8000000,0x00000000d8500000)
 ParOldGen       total 87552K, used 53694K [0x0000000081e00000, 0x0000000087380000, 0x00000000d5f80000)
  object space 87552K, 61% used [0x0000000081e00000,0x000000008526f870,0x0000000087380000)
 Metaspace       used 12625K, capacity 12836K, committed 13056K, reserved 1060864K
  class space    used 1650K, capacity 1738K, committed 1792K, reserved 1048576K
}
Event: 8.020 GC heap before
{Heap before GC invocations=5 (full 0):
 PSYoungGen      total 38400K, used 37951K [0x00000000d5f80000, 0x00000000d8a00000, 0x0000000100000000)
  eden space 33280K, 98% used [0x00000000d5f80000,0x00000000d7f958a8,0x00000000d8000000)
  from space 5120K, 99% used [0x00000000d8500000,0x00000000d89fa4c0,0x00000000d8a00000)
  to   space 5120K, 0% used [0x00000000d8000000,0x00000000d8000000,0x00000000d8500000)
 ParOldGen       total 87552K, used 53694K [0x0000000081e00000, 0x0000000087380000, 0x00000000d5f80000)
  object space 87552K, 61% used [0x0000000081e00000,0x000000008526f870,0x0000000087380000)
 Metaspace       used 12755K, capacity 12964K, committed 13056K, reserved 1060864K
  class space    used 1657K, capacity 1738K, committed 1792K, reserved 1048576K
Event: 8.022 GC heap after
Heap after GC invocations=5 (full 0):
 PSYoungGen      total 37888K, used 5097K [0x00000000d5f80000, 0x00000000db980000, 0x0000000100000000)
  eden space 32768K, 0% used [0x00000000d5f80000,0x00000000d5f80000,0x00000000d7f80000)
  from space 5120K, 99% used [0x00000000d8000000,0x00000000d84fa4c0,0x00000000d8500000)
  to   space 29696K, 0% used [0x00000000d9c80000,0x00000000d9c80000,0x00000000db980000)
 ParOldGen       total 87552K, used 54876K [0x0000000081e00000, 0x0000000087380000, 0x00000000d5f80000)
  object space 87552K, 62% used [0x0000000081e00000,0x0000000085397288,0x0000000087380000)
 Metaspace       used 12755K, capacity 12964K, committed 13056K, reserved 1060864K
  class space    used 1657K, capacity 1738K, committed 1792K, reserved 1048576K
}
Event: 8.812 GC heap before
{Heap before GC invocations=6 (full 0):
 PSYoungGen      total 37888K, used 37865K [0x00000000d5f80000, 0x00000000db980000, 0x0000000100000000)
  eden space 32768K, 100% used [0x00000000d5f80000,0x00000000d7f80000,0x00000000d7f80000)
  from space 5120K, 99% used [0x00000000d8000000,0x00000000d84fa4c0,0x00000000d8500000)
  to   space 29696K, 0% used [0x00000000d9c80000,0x00000000d9c80000,0x00000000db980000)
 ParOldGen       total 87552K, used 54876K [0x0000000081e00000, 0x0000000087380000, 0x00000000d5f80000)
  object space 87552K, 62% used [0x0000000081e00000,0x0000000085397288,0x0000000087380000)
 Metaspace       used 12829K, capacity 13092K, committed 13312K, reserved 1060864K
  class space    used 1658K, capacity 1738K, committed 1792K, reserved 1048576K
Event: 8.815 GC heap after
Heap after GC invocations=6 (full 0):
 PSYoungGen      total 61952K, used 5884K [0x00000000d5f80000, 0x00000000dba00000, 0x0000000100000000)
  eden space 32256K, 0% used [0x00000000d5f80000,0x00000000d5f80000,0x00000000d7f00000)
  from space 29696K, 19% used [0x00000000d9c80000,0x00000000da23f3a0,0x00000000db980000)
  to   space 30208K, 0% used [0x00000000d7f00000,0x00000000d7f00000,0x00000000d9c80000)
 ParOldGen       total 87552K, used 54884K [0x0000000081e00000, 0x0000000087380000, 0x00000000d5f80000)
  object space 87552K, 62% used [0x0000000081e00000,0x0000000085399288,0x0000000087380000)
 Metaspace       used 12829K, capacity 13092K, committed 13312K, reserved 1060864K
  class space    used 1658K, capacity 1738K, committed 1792K, reserved 1048576K
}

Deoptimization events (10 events):
Event: 1.182 Thread 0x000000001922e800 Uncommon trap: reason=unstable_if action=reinterpret pc=0x000000000250a96c method=java.awt.image.AreaAveragingScaleFilter.accumPixels(IIIILjava/awt/image/ColorModel;Ljava/lang/Object;II)V @ 4
Event: 1.725 Thread 0x0000000018b96800 Uncommon trap: reason=unstable_if action=reinterpret pc=0x0000000002573318 method=java.awt.Component.inside(II)Z @ 9
Event: 3.483 Thread 0x0000000018b96800 Uncommon trap: reason=class_check action=maybe_recompile pc=0x000000000243ea68 method=java.lang.String.equals(Ljava/lang/Object;)Z @ 8
Event: 3.483 Thread 0x0000000018b96800 Uncommon trap: reason=class_check action=maybe_recompile pc=0x000000000243ea68 method=java.lang.String.equals(Ljava/lang/Object;)Z @ 8
Event: 4.530 Thread 0x0000000018b96800 Uncommon trap: reason=class_check action=maybe_recompile pc=0x000000000243ea68 method=java.lang.String.equals(Ljava/lang/Object;)Z @ 8
Event: 4.530 Thread 0x0000000018b96800 Uncommon trap: reason=class_check action=maybe_recompile pc=0x000000000243ea68 method=java.lang.String.equals(Ljava/lang/Object;)Z @ 8
Event: 4.550 Thread 0x0000000018b96800 Uncommon trap: reason=unstable_if action=reinterpret pc=0x0000000002617f7c method=java.awt.Container$MouseEventTargetFilter.accept(Ljava/awt/Component;)Z @ 43
Event: 5.443 Thread 0x0000000019665000 Uncommon trap: reason=unstable_if action=reinterpret pc=0x000000000250fbf8 method=java.awt.image.AreaAveragingScaleFilter.calcRow()[I @ 79
Event: 5.444 Thread 0x0000000019665000 Uncommon trap: reason=unstable_if action=reinterpret pc=0x00000000025017e8 method=java.awt.image.AreaAveragingScaleFilter.calcRow()[I @ 79
Event: 5.779 Thread 0x000000002229b800 Uncommon trap: reason=range_check action=make_not_entrant pc=0x000000000253396c method=java.awt.image.DirectColorModel.setFields()V @ 65

Internal exceptions (10 events):
Event: 0.082 Thread 0x00000000021b0800 Exception <a 'java/security/PrivilegedActionException'> (0x00000000d6024580) thrown at [C:\re\workspace\8-2-build-windows-amd64-cygwin\jdk8u111\7883\hotspot\src\share\vm\prims\jvm.cpp, line 1386]
Event: 0.083 Thread 0x00000000021b0800 Exception <a 'java/security/PrivilegedActionException'> (0x00000000d60ceaf0) thrown at [C:\re\workspace\8-2-build-windows-amd64-cygwin\jdk8u111\7883\hotspot\src\share\vm\prims\jvm.cpp, line 1386]
Event: 0.083 Thread 0x00000000021b0800 Exception <a 'java/security/PrivilegedActionException'> (0x00000000d60ced00) thrown at [C:\re\workspace\8-2-build-windows-amd64-cygwin\jdk8u111\7883\hotspot\src\share\vm\prims\jvm.cpp, line 1386]
Event: 0.087 Thread 0x00000000021b0800 Exception <a 'java/io/FileNotFoundException'> (0x00000000d60d1c20) thrown at [C:\re\workspace\8-2-build-windows-amd64-cygwin\jdk8u111\7883\hotspot\src\share\vm\prims\jni.cpp, line 709]
Event: 0.113 Thread 0x00000000021b0800 Exception <a 'java/lang/NoSuchFieldError': method resolution failed> (0x00000000d619f158) thrown at [C:\re\workspace\8-2-build-windows-amd64-cygwin\jdk8u111\7883\hotspot\src\share\vm\prims\methodHandles.cpp, line 1146]
Event: 0.114 Thread 0x00000000021b0800 Exception <a 'java/lang/NoSuchFieldError': method resolution failed> (0x00000000d61ac528) thrown at [C:\re\workspace\8-2-build-windows-amd64-cygwin\jdk8u111\7883\hotspot\src\share\vm\prims\methodHandles.cpp, line 1146]
Event: 0.156 Thread 0x00000000021b0800 Exception <a 'java/io/FileNotFoundException'> (0x00000000d62409e8) thrown at [C:\re\workspace\8-2-build-windows-amd64-cygwin\jdk8u111\7883\hotspot\src\share\vm\prims\jni.cpp, line 709]
Event: 0.831 Thread 0x00000000021b0800 Implicit null exception at 0x0000000002425562 to 0x0000000002425729
Event: 5.739 Thread 0x0000000019665000 Exception <a 'java/lang/OutOfMemoryError'> (0x00000000d7e52528) thrown at [C:\re\workspace\8-2-build-windows-amd64-cygwin\jdk8u111\7883\hotspot\src\share\vm\prims\jni.cpp, line 735]
Event: 5.747 Thread 0x000000001922e800 Exception <a 'java/lang/OutOfMemoryError'> (0x00000000d6141038) thrown at [C:\re\workspace\8-2-build-windows-amd64-cygwin\jdk8u111\7883\hotspot\src\share\vm\prims\jni.cpp, line 735]

Events (10 events):
Event: 10.478 loading class java/awt/LightweightDispatcher$2 done
Event: 14.361 Executing VM operation: RevokeBias
Event: 14.361 Executing VM operation: RevokeBias done
Event: 14.361 Thread 0x00000000189a6800 Thread exited: 0x00000000189a6800
Event: 14.380 Executing VM operation: RevokeBias
Event: 14.380 Executing VM operation: RevokeBias done
Event: 14.380 Thread 0x00000000222b3000 Thread exited: 0x00000000222b3000
Event: 14.398 Executing VM operation: RevokeBias
Event: 14.398 Executing VM operation: RevokeBias done
Event: 14.398 Thread 0x000000002229b800 Thread exited: 0x000000002229b800


Dynamic libraries:
0x00007ff7334c0000 - 0x00007ff7334f7000 	C:\Program Files\Java\jdk1.8.0_111\jre\bin\java.exe
0x00007ff97fd90000 - 0x00007ff97ff61000 	C:\WINDOWS\SYSTEM32\ntdll.dll
0x00007ff97f1f0000 - 0x00007ff97f29c000 	C:\WINDOWS\System32\KERNEL32.DLL
0x00007ff9614d0000 - 0x00007ff961503000 	C:\Program Files\AVAST Software\Avast\x64\aswhooka.dll
0x00007ff97c270000 - 0x00007ff97c48d000 	C:\WINDOWS\System32\KERNELBASE.dll
0x00007ff97f2d0000 - 0x00007ff97f372000 	C:\WINDOWS\System32\ADVAPI32.dll
0x00007ff97f800000 - 0x00007ff97f89e000 	C:\WINDOWS\System32\msvcrt.dll
0x00007ff97f190000 - 0x00007ff97f1e9000 	C:\WINDOWS\System32\sechost.dll
0x00007ff97d7f0000 - 0x00007ff97d911000 	C:\WINDOWS\System32\RPCRT4.dll
0x00007ff97d370000 - 0x00007ff97d4d5000 	C:\WINDOWS\System32\USER32.dll
0x00007ff97c490000 - 0x00007ff97c4ae000 	C:\WINDOWS\System32\win32u.dll
0x00007ff97f7b0000 - 0x00007ff97f7e4000 	C:\WINDOWS\System32\GDI32.dll
0x00007ff97c610000 - 0x00007ff97c790000 	C:\WINDOWS\System32\gdi32full.dll
0x00007ff972e80000 - 0x00007ff9730fa000 	C:\WINDOWS\WinSxS\amd64_microsoft.windows.common-controls_6595b64144ccf1df_6.0.14393.953_none_42151e83c686086b\COMCTL32.dll
0x00007ff97f8a0000 - 0x00007ff97fb68000 	C:\WINDOWS\System32\combase.dll
0x00007ff97c4b0000 - 0x00007ff97c5a5000 	C:\WINDOWS\System32\ucrtbase.dll
0x00007ff97c960000 - 0x00007ff97c9ca000 	C:\WINDOWS\System32\bcryptPrimitives.dll
0x00007ff97d7c0000 - 0x00007ff97d7ee000 	C:\WINDOWS\System32\IMM32.DLL
0x00000000678d0000 - 0x00000000679a2000 	C:\Program Files\Java\jdk1.8.0_111\jre\bin\msvcr100.dll
0x00000000679b0000 - 0x000000006824a000 	C:\Program Files\Java\jdk1.8.0_111\jre\bin\server\jvm.dll
0x00007ff97d6e0000 - 0x00007ff97d6e8000 	C:\WINDOWS\System32\PSAPI.DLL
0x00007ff96f4b0000 - 0x00007ff96f4b9000 	C:\WINDOWS\SYSTEM32\WSOCK32.dll
0x00007ff97d750000 - 0x00007ff97d7ba000 	C:\WINDOWS\System32\WS2_32.dll
0x00007ff97a660000 - 0x00007ff97a683000 	C:\WINDOWS\SYSTEM32\WINMM.dll
0x00007ff978c70000 - 0x00007ff978c7a000 	C:\WINDOWS\SYSTEM32\VERSION.dll
0x00007ff97a630000 - 0x00007ff97a65b000 	C:\WINDOWS\SYSTEM32\WINMMBASE.dll
0x00007ff97ca80000 - 0x00007ff97cac2000 	C:\WINDOWS\System32\cfgmgr32.dll
0x0000000069790000 - 0x000000006979f000 	C:\Program Files\Java\jdk1.8.0_111\jre\bin\verify.dll
0x0000000067860000 - 0x0000000067889000 	C:\Program Files\Java\jdk1.8.0_111\jre\bin\java.dll
0x0000000067840000 - 0x0000000067856000 	C:\Program Files\Java\jdk1.8.0_111\jre\bin\zip.dll
0x00007ff97db00000 - 0x00007ff97f008000 	C:\WINDOWS\System32\SHELL32.dll
0x00007ff97cad0000 - 0x00007ff97d1aa000 	C:\WINDOWS\System32\windows.storage.dll
0x00007ff97c220000 - 0x00007ff97c26c000 	C:\WINDOWS\System32\powrprof.dll
0x00007ff97fd30000 - 0x00007ff97fd82000 	C:\WINDOWS\System32\shlwapi.dll
0x00007ff97c200000 - 0x00007ff97c20f000 	C:\WINDOWS\System32\kernel.appcore.dll
0x00007ff97d250000 - 0x00007ff97d2f9000 	C:\WINDOWS\System32\shcore.dll
0x00007ff97c1e0000 - 0x00007ff97c1f4000 	C:\WINDOWS\System32\profapi.dll
0x0000000067660000 - 0x00000000677f8000 	C:\Program Files\Java\jdk1.8.0_111\jre\bin\awt.dll
0x00007ff97fb70000 - 0x00007ff97fc2f000 	C:\WINDOWS\System32\OLEAUT32.dll
0x00007ff97d1b0000 - 0x00007ff97d24c000 	C:\WINDOWS\System32\msvcp_win.dll
0x00007ff97a780000 - 0x00007ff97a7fa000 	C:\WINDOWS\SYSTEM32\apphelp.dll
0x00007ff97a1f0000 - 0x00007ff97a216000 	C:\WINDOWS\system32\DWMAPI.DLL
0x00007ff97a960000 - 0x00007ff97a9f5000 	C:\WINDOWS\system32\uxtheme.dll
0x00007ff97f030000 - 0x00007ff97f18a000 	C:\WINDOWS\System32\MSCTF.dll
0x00007ff97d920000 - 0x00007ff97da58000 	C:\WINDOWS\System32\ole32.dll
0x00007ff9524b0000 - 0x00007ff95263d000 	C:\WINDOWS\system32\d3d9.dll
0x00007ff953360000 - 0x00007ff95441c000 	C:\WINDOWS\System32\DriverStore\FileRepository\nv_dispiwu.inf_amd64_b67dc924fff8de6d\nvd3dumx.dll
0x00007ff970560000 - 0x00007ff970731000 	C:\WINDOWS\system32\nvspcap64.dll
0x00007ff97f380000 - 0x00007ff97f7a9000 	C:\WINDOWS\System32\SETUPAPI.dll
0x00007ff974cb0000 - 0x00007ff974d7d000 	C:\WINDOWS\SYSTEM32\WINHTTP.dll
0x00007ff979d80000 - 0x00007ff979d93000 	C:\WINDOWS\SYSTEM32\WTSAPI32.dll
0x00007ff9765a0000 - 0x00007ff97699b000 	C:\WINDOWS\system32\nvapi64.dll
0x00007ff97b160000 - 0x00007ff97b1ff000 	C:\WINDOWS\SYSTEM32\dxgi.dll
0x00007ff97aea0000 - 0x00007ff97aec8000 	C:\WINDOWS\SYSTEM32\DEVOBJ.dll
0x00007ff97c5b0000 - 0x00007ff97c605000 	C:\WINDOWS\System32\WINTRUST.dll
0x00007ff97c210000 - 0x00007ff97c220000 	C:\WINDOWS\System32\MSASN1.dll
0x00007ff97c790000 - 0x00007ff97c959000 	C:\WINDOWS\System32\CRYPT32.dll
0x00007ff975ef0000 - 0x00007ff975fd6000 	C:\Program Files (x86)\NVIDIA Corporation\3D Vision\nvSCPAPI64.dll
0x0000000067610000 - 0x0000000067657000 	C:\Program Files\Java\jdk1.8.0_111\jre\bin\fontmanager.dll
0x00007ff97da60000 - 0x00007ff97daff000 	C:\WINDOWS\System32\clbcatq.dll
0x00007ff979a30000 - 0x00007ff979bd8000 	C:\WINDOWS\SYSTEM32\WindowsCodecs.dll
0x00007ff963630000 - 0x00007ff963679000 	C:\WINDOWS\system32\dataexchange.dll
0x00007ff979040000 - 0x00007ff9792f6000 	C:\WINDOWS\system32\d3d11.dll
0x00007ff97a090000 - 0x00007ff97a1e1000 	C:\WINDOWS\system32\dcomp.dll
0x00007ff97ac00000 - 0x00007ff97ad1c000 	C:\WINDOWS\system32\twinapi.appcore.dll
0x00007ff97c120000 - 0x00007ff97c14b000 	C:\WINDOWS\system32\bcrypt.dll
0x0000000067820000 - 0x000000006783a000 	C:\Program Files\Java\jdk1.8.0_111\jre\bin\net.dll
0x00007ff97bab0000 - 0x00007ff97bb0c000 	C:\WINDOWS\system32\mswsock.dll
0x0000000067800000 - 0x0000000067811000 	C:\Program Files\Java\jdk1.8.0_111\jre\bin\nio.dll
0x00000000675c0000 - 0x0000000067602000 	C:\Program Files\Java\jdk1.8.0_111\jre\bin\t2k.dll
0x0000000067580000 - 0x00000000675aa000 	C:\Program Files\Java\jdk1.8.0_111\jre\bin\dcpr.dll

VM Arguments:
jvm_args: -Dfile.encoding=UTF-8 
java_command: controleur.Main
java_class_path (initial): D:\Utilisateurs\Vypz\Bureau\OnSucePasDesChibres\build\classes
Launcher Type: SUN_STANDARD

Environment Variables:
PATH=;C:\ProgramData\Oracle\Java\javapath;C:\WINDOWS\system32;C:\WINDOWS;C:\WINDOWS\System32\Wbem;C:\WINDOWS\System32\WindowsPowerShell\v1.0\;C:\Program Files (x86)\NVIDIA Corporation\PhysX\Common;C:\Android;C:\Windows\System32;C:\Program Files\Git\cmd;C:\WINDOWS\system32;C:\WINDOWS;C:\WINDOWS\System32\Wbem;C:\WINDOWS\System32\WindowsPowerShell\v1.0\;C:\Program Files (x86)\Skype\Phone\;C:\Users\Vypz\AppData\Local\Programs\Python\Python35-32\Scripts\;C:\Users\Vypz\AppData\Local\Programs\Python\Python35-32\;C:\Users\Vypz\AppData\Local\Microsoft\WindowsApps;C:\Users\Vypz\AppData\Local\atom\bin;C:\Users\Vypz\AppData\Local\Microsoft\WindowsApps;C:\adb;C:\Users\Vypz\AppData\Local\Programs\Python\Python35-32\Scripts\;C:\Users\Vypz\AppData\Local\Programs\Python\Python35-32\;C:\Users\Vypz\AppData\Local\Microsoft\WindowsApps;C:\Users\Vypz\AppData\Local\atom\bin;%USERPROFILE%\AppData\Local\Microsoft\WindowsApps;
USERNAME=Vypz
OS=Windows_NT
PROCESSOR_IDENTIFIER=Intel64 Family 6 Model 60 Stepping 3, GenuineIntel



---------------  S Y S T E M  ---------------

OS: Windows 10.0 , 64 bit Build 14393 (10.0.14393.1198)

CPU:total 4 (4 cores per cpu, 1 threads per core) family 6 model 60 stepping 3, cmov, cx8, fxsr, mmx, sse, sse2, sse3, ssse3, sse4.1, sse4.2, popcnt, avx, avx2, aes, clmul, erms, lzcnt, tsc, tscinvbit, bmi1, bmi2

Memory: 4k page, physical 8262332k(1352924k free), swap 33428156k(196k free)

vm_info: Java HotSpot(TM) 64-Bit Server VM (25.111-b14) for windows-amd64 JRE (1.8.0_111-b14), built on Sep 22 2016 19:24:05 by "java_re" with MS VC++ 10.0 (VS2010)

time: Sat Jun 17 20:46:17 2017
elapsed time: 17 seconds (0d 0h 0m 17s)

